Qflow placement logfile created on Tue Jun 11 13:27:34 PDT 2019
Running blif2cel to generate input files for graywolf
blif2cel.tcl --blif /home/openvlsi/openvlsi/examples/qflow/synthesis/map9v3.blif  --lef  /usr/local/share/qflow/tech/osu035/osu035_stdcells.lef --cel /home/openvlsi/openvlsi/examples/qflow/layout/map9v3.cel
Opened BLIF file (/home/openvlsi/openvlsi/examples/qflow/synthesis/map9v3.blif) for reading ...
Opened CEL file (/home/openvlsi/openvlsi/examples/qflow/layout/map9v3.cel) for writing...
Loaded /usr/local/share/qflow/tech/osu035/osu035_stdcells.lef file for reading...
1st pass of blif file /home/openvlsi/openvlsi/examples/qflow/synthesis/map9v3.blif. . .
Reading macros and/or technology data from LEF file. . .
LEF file specifies route layer Y pitch as 2
LEF file specifies route layer X pitch as 1.6
Parsing macro AND2X2
Parsing macro AOI21X1
Parsing macro AOI22X1
Parsing macro BUFX2
Parsing macro NOR3X1
Parsing macro INVX1
Parsing macro NAND2X1
Parsing macro NAND3X1
Parsing macro NOR2X1
Parsing macro OAI21X1
Parsing macro XOR2X1
Parsing macro MUX2X1
Parsing macro XNOR2X1
Parsing macro DFFSR
Parsing macro CLKBUF1
2nd pass of blif file. . .
3rd pass of blif file. . .
Done!
No map9v3.cel1 file found for project. . . no partial blockages to apply to layout.
No map9v3.cel2 file found for project. . . continuing without pin placement hints
Running GrayWolf placement
graywolf  map9v3

twflow version:2.1 date:Mon May 25 21:15:08 EDT 1992
Authors: Bill Swartz, Carl Sechen
         Yale University

syntax version:v1.1 date:Mon May 25 21:11:10 EDT 1992
TimberWolf System Syntax Checker
Authors: Carl Sechen, Kai-Win Lee, Bill Swartz,
         Dahe Chen, and Jimmy Lam
         Yale University

Read   50 objects so far...
Read  100 objects so far...
Read  150 objects so far...
Read  200 objects so far...
No syntax errors were found

syntax terminated normally with no errors and 0 warning[s]


----------------------------
Total stdcells     :206
Total cell width   :2.14e+05
Total cell height  :4.12e+05
Total cell area    :4.28e+08
Total core area    :4.28e+08
Average cell height:2.00e+03


nocut - replacement for Mincut version:v1.0 date:Mon May 25 21:09:40 EDT 1992
TimberWolf System Floorplan Setup Program
Authors: Carl Sechen, Bill Swartz,
         Yale University

Read   50 objects so far...
Read  100 objects so far...
Read  150 objects so far...
Read  200 objects so far...
Splitting map9v3.cel into map9v3.scel and map9v3.mcel...
	done!


nocut - replacement for Mincut terminated normally with no errors and 0 warning[s]


TimberWolfMC version:v2.2 date:Mon May 25 21:18:34 EDT 1992
Authors: Carl Sechen, Bill Swartz, Kai-Win Lee
         Dahe Chen, and Jimmy Lam
         Yale University

config version:v1.0 date:Mon May 25 20:57:18 EDT 1992
Row configuration program
    Yale University


config switches:
	Graphics mode on
	config will inherit window



config terminated normally with no errors and 0 warning[s]


TimberWolfMC terminated normally with no errors and 0 warning[s]



TimberWolfSC switches:
	Graphics mode on
	TimberWolfSC will inherit window

TimberWolfSC version:v6.0 date:Mon May 25 21:19:07 EDT 1992
Row-Based Placement and Global Routing Program
Authors: Carl Sechen, Kai-Win Lee, and Bill Swartz,
         Yale University
  0 
  1   2   3   4   5   6   7   8   9  10  11  12  13  14  15 
 16  17  18  19  20  21  22  23  24  25  26  27  28  29  30 
 31  32  33  34  35  36  37  38  39  40  41  42  43  44  45 
 46  47  48  49  50  51  52  53  54  55  56  57  58  59  60 
 61  62  63  64  65  66  67  68  69  70  71  72  73  74  75 
 76  77  78  79  80  81  82  83  84  85  86  87  88  89  90 
 91  92  93  94  95  96  97  98  99 100 101 102 103 104 105 
106 107 108 109 110 111 112 113 114 115 116 117 118 119 120 
121 122 123 124 125 126 127 128 129 130 131 132 133 134 135 
136 137 138 139 140 141 142 143 144 145 146 147 148 149 150 
151 152 153 154 155 156 157 158 
 block left edge is at -399
 the longest block length is 22080
 building the steiner trees
 rebuilding the steiner tree

----start doing coarse global routing ------ 
 ITERATION  1

  longest Row is:4   Its length is:21600
 doing feed-through pins assignment
 building the net-tree now !
 set up the global routing grids
 the starting value of tracks =   68
 tracks =  61 at attempts =  1000
 tracks =  60 at attempts =  2000
 tracks =  60 at attempts =  3000
 tracks =  60 at attempts =  4000
 tracks =  60 at attempts =  5000
 removing redundant feed-through pins
 the connectivity of all the nets is verified

 block left edge is at -399
 the longest block length is 22080
 building the steiner trees
 rebuilding the steiner tree

----start doing coarse global routing ------ 
 ITERATION  1

  longest Row is:4   Its length is:21600
 doing feed-through pins assignment
 building the net-tree now !
 set up the global routing grids
 the starting value of tracks =   67
 tracks =  57 at attempts =  1000
 tracks =  56 at attempts =  2000
 tracks =  56 at attempts =  3000
 tracks =  56 at attempts =  4000
 tracks =  56 at attempts =  5000
 removing redundant feed-through pins
 the connectivity of all the nets is verified

 block left edge is at -399
 the longest block length is 22080
 building the steiner trees
 rebuilding the steiner tree

----start doing coarse global routing ------ 
 ITERATION  1

  longest Row is:4   Its length is:21600
 doing feed-through pins assignment
 building the net-tree now !
 set up the global routing grids
 the starting value of tracks =   64
 tracks =  56 at attempts =  1000
 tracks =  56 at attempts =  2000
 tracks =  56 at attempts =  3000
 tracks =  56 at attempts =  4000
 tracks =  56 at attempts =  5000
 removing redundant feed-through pins
 the connectivity of all the nets is verified

 block left edge is at -399
 the longest block length is 22080
 building the steiner trees
 rebuilding the steiner tree

----start doing coarse global routing ------ 
 ITERATION  1

  longest Row is:4   Its length is:21600
 doing feed-through pins assignment
 building the net-tree now !
 set up the global routing grids
 the starting value of tracks =   66
 tracks =  65 at attempts =  1000
 tracks =  65 at attempts =  2000
 tracks =  65 at attempts =  3000
 tracks =  65 at attempts =  4000
 tracks =  65 at attempts =  5000
 removing redundant feed-through pins
 the connectivity of all the nets is verified

 block left edge is at -399
 the longest block length is 22080
 building the steiner trees
 rebuilding the steiner tree

----start doing coarse global routing ------ 
 ITERATION  1

  longest Row is:4   Its length is:21600
 doing feed-through pins assignment
 building the net-tree now !
 set up the global routing grids
 the starting value of tracks =   63
 tracks =  52 at attempts =  1000
 tracks =  52 at attempts =  2000
 tracks =  52 at attempts =  3000
 tracks =  52 at attempts =  4000
 tracks =  52 at attempts =  5000
 removing redundant feed-through pins
 the connectivity of all the nets is verified

 block left edge is at -399
 the longest block length is 22080
 building the steiner trees
 rebuilding the steiner tree

----start doing coarse global routing ------ 
 ITERATION  1

  longest Row is:4   Its length is:21600
 doing feed-through pins assignment
 building the net-tree now !
 set up the global routing grids
 the starting value of tracks =   62
 tracks =  53 at attempts =  1000
 tracks =  52 at attempts =  2000
 tracks =  52 at attempts =  3000
 tracks =  52 at attempts =  4000
 tracks =  52 at attempts =  5000
 removing redundant feed-through pins
 the connectivity of all the nets is verified

 block left edge is at -399
 the longest block length is 22080
 building the steiner trees
 rebuilding the steiner tree

----start doing coarse global routing ------ 
 ITERATION  1

  longest Row is:4   Its length is:21600
 doing feed-through pins assignment
 building the net-tree now !
 set up the global routing grids
 the starting value of tracks =   63
 tracks =  52 at attempts =  1000
 tracks =  52 at attempts =  2000
 tracks =  52 at attempts =  3000
 tracks =  52 at attempts =  4000
 tracks =  52 at attempts =  5000
 removing redundant feed-through pins
 the connectivity of all the nets is verified

 block left edge is at -399
 the longest block length is 22080
 building the steiner trees
 rebuilding the steiner tree

----start doing coarse global routing ------ 
 ITERATION  1

  longest Row is:4   Its length is:21600
 doing feed-through pins assignment
 building the net-tree now !
 set up the global routing grids
 the starting value of tracks =   65
 tracks =  64 at attempts =  1000
 tracks =  64 at attempts =  2000
 tracks =  64 at attempts =  3000
 tracks =  64 at attempts =  4000
 tracks =  64 at attempts =  5000
 removing redundant feed-through pins
 the connectivity of all the nets is verified


***********************************************
*ACTUAL* FINAL NUMBER OF ROUTING TRACKS: 52
***********************************************


TimberWolfSC terminated normally with no errors and 0 warning[s]


twflow terminated normally with no errors and 0 warning[s]

Running getfillcell to determine cell to use for fill.
getfillcell.tcl map9v3  /usr/local/share/qflow/tech/osu035/osu035_stdcells.lef FILL
Using cell FILL for fill
Running place2def to translate graywolf output to DEF format.
place2def.tcl map9v3 FILL 
Running place2def.tcl
DEF database: 100 units per micron
Limits: xbot = -750.0 ybot = -530.0 xtop = 21550.0 ytop = 20130.0
Core values: 80.0 100 21680.0 20100
Offsets: 80.0 100
4 routing layers
104 horizontal tracks from -400.0 to 20400.0 step 200 (M1, M3, ...)
141 vertical tracks from -480.0 to 22080.0 step 160.0 (M2, M4, ...)
Summary: Total components = 206
  Fill cells  = 0
  Other cells = 206
Done with place2def.tcl
Running addspacers to generate power stripes and align cell right edge
addspacers.tcl  -stripe 5.0 150.0 PG map9v3  /usr/local/share/qflow/tech/osu035/osu035_stdcells.lef FILL
Reading FILL macros from LEF file.
Reading DEF file map9v3.def. . .
Number of rows is 10
Longest row has width 216.8 um
addspacers:  No room for stripes, pitch reduced from 14880.0 to 9056.0.
addspacers:  Inserting 2 stripes of width 4.8 um (5.0 um requested)
  Pitch 90.56 um, offset 62.4 um
stretch:  Number of components is 278
Analysis of DEF file:
Number of components = 206
New number of components = 278
Number of rows = 10
Adjusting obstructions for power striping
Done with addspacers.tcl
Running arrangepins to adjust pin positions for optimal routing.
arrangepins.tcl  map9v3
Reading info file map9v3.info. . .
Reading DEF file map9v3.def. . .
Recalculating pin positions
Writing DEF file map9v3_mod.def. . .
Done with arrangepins.tcl
blifanno.tcl /home/openvlsi/openvlsi/examples/qflow/synthesis/map9v3.blif map9v3.def /home/openvlsi/openvlsi/examples/qflow/synthesis/map9v3_anno.blif
Running blifanno.tcl
Reading DEF file map9v3.def. . .
Done with blifanno.tcl

Generating RTL verilog and SPICE netlist file in directory
   /home/openvlsi/openvlsi/examples/qflow/synthesis
Files:
   Verilog: /home/openvlsi/openvlsi/examples/qflow/synthesis/map9v3.rtl.v
   Verilog: /home/openvlsi/openvlsi/examples/qflow/synthesis/map9v3.rtlnopwr.v
   Verilog: /home/openvlsi/openvlsi/examples/qflow/synthesis/map9v3.rtlbb.v
   Spice:   /home/openvlsi/openvlsi/examples/qflow/synthesis/map9v3.spc

Running blif2Verilog.
Running blif2BSpice.
Placement script ended on Tue Jun 11 13:28:25 PDT 2019
